<?xml version="1.0" encoding="UTF-8"?>
<testsuite xmlns:xsi="http://www.w3.org/2001/XMLSchema-instance" xsi:noNamespaceSchemaLocation="https://maven.apache.org/surefire/maven-surefire-plugin/xsd/surefire-test-report.xsd" version="3.0.2" name="com.khattitoffe.compiler_service.CompilerServiceApplicationTests" time="7.293" tests="1" errors="0" skipped="0" failures="0">
  <properties>
    <property name="java.specification.version" value="21"/>
    <property name="sun.cpu.isalist" value="amd64"/>
    <property name="sun.jnu.encoding" value="Cp1252"/>
    <property name="java.class.path" value="E:\Spring Boot\project\compiler_service\compiler_service\target\test-classes;E:\Spring Boot\project\compiler_service\compiler_service\target\classes;C:\Users\ACER\.m2\repository\org\springframework\boot\spring-boot-starter-security\4.0.0-M3\spring-boot-starter-security-4.0.0-M3.jar;C:\Users\ACER\.m2\repository\org\springframework\boot\spring-boot-security\4.0.0-M3\spring-boot-security-4.0.0-M3.jar;C:\Users\ACER\.m2\repository\org\springframework\boot\spring-boot\4.0.0-M3\spring-boot-4.0.0-M3.jar;C:\Users\ACER\.m2\repository\org\springframework\security\spring-security-config\7.0.0-M3\spring-security-config-7.0.0-M3.jar;C:\Users\ACER\.m2\repository\org\springframework\spring-aop\7.0.0-M9\spring-aop-7.0.0-M9.jar;C:\Users\ACER\.m2\repository\org\springframework\spring-beans\7.0.0-M9\spring-beans-7.0.0-M9.jar;C:\Users\ACER\.m2\repository\org\springframework\boot\spring-boot-starter-web\4.0.0-M3\spring-boot-starter-web-4.0.0-M3.jar;C:\Users\ACER\.m2\repository\org\springframework\boot\spring-boot-starter-jackson\4.0.0-M3\spring-boot-starter-jackson-4.0.0-M3.jar;C:\Users\ACER\.m2\repository\org\springframework\boot\spring-boot-jackson\4.0.0-M3\spring-boot-jackson-4.0.0-M3.jar;C:\Users\ACER\.m2\repository\tools\jackson\core\jackson-databind\3.0.0-rc9\jackson-databind-3.0.0-rc9.jar;C:\Users\ACER\.m2\repository\com\fasterxml\jackson\core\jackson-annotations\2.20\jackson-annotations-2.20.jar;C:\Users\ACER\.m2\repository\tools\jackson\core\jackson-core\3.0.0-rc9\jackson-core-3.0.0-rc9.jar;C:\Users\ACER\.m2\repository\org\springframework\boot\spring-boot-starter-tomcat\4.0.0-M3\spring-boot-starter-tomcat-4.0.0-M3.jar;C:\Users\ACER\.m2\repository\org\springframework\boot\spring-boot-tomcat\4.0.0-M3\spring-boot-tomcat-4.0.0-M3.jar;C:\Users\ACER\.m2\repository\org\springframework\boot\spring-boot-web-server\4.0.0-M3\spring-boot-web-server-4.0.0-M3.jar;C:\Users\ACER\.m2\repository\org\apache\tomcat\embed\tomcat-embed-core\11.0.11\tomcat-embed-core-11.0.11.jar;C:\Users\ACER\.m2\repository\org\apache\tomcat\embed\tomcat-embed-el\11.0.11\tomcat-embed-el-11.0.11.jar;C:\Users\ACER\.m2\repository\org\apache\tomcat\embed\tomcat-embed-websocket\11.0.11\tomcat-embed-websocket-11.0.11.jar;C:\Users\ACER\.m2\repository\org\springframework\boot\spring-boot-http-converter\4.0.0-M3\spring-boot-http-converter-4.0.0-M3.jar;C:\Users\ACER\.m2\repository\org\springframework\spring-web\7.0.0-M9\spring-web-7.0.0-M9.jar;C:\Users\ACER\.m2\repository\org\springframework\boot\spring-boot-webmvc\4.0.0-M3\spring-boot-webmvc-4.0.0-M3.jar;C:\Users\ACER\.m2\repository\org\springframework\boot\spring-boot-servlet\4.0.0-M3\spring-boot-servlet-4.0.0-M3.jar;C:\Users\ACER\.m2\repository\org\springframework\spring-webmvc\7.0.0-M9\spring-webmvc-7.0.0-M9.jar;C:\Users\ACER\.m2\repository\org\springframework\boot\spring-boot-starter\4.0.0-M3\spring-boot-starter-4.0.0-M3.jar;C:\Users\ACER\.m2\repository\org\springframework\boot\spring-boot-starter-logging\4.0.0-M3\spring-boot-starter-logging-4.0.0-M3.jar;C:\Users\ACER\.m2\repository\ch\qos\logback\logback-classic\1.5.18\logback-classic-1.5.18.jar;C:\Users\ACER\.m2\repository\ch\qos\logback\logback-core\1.5.18\logback-core-1.5.18.jar;C:\Users\ACER\.m2\repository\org\apache\logging\log4j\log4j-to-slf4j\2.24.3\log4j-to-slf4j-2.24.3.jar;C:\Users\ACER\.m2\repository\org\apache\logging\log4j\log4j-api\2.24.3\log4j-api-2.24.3.jar;C:\Users\ACER\.m2\repository\org\slf4j\jul-to-slf4j\2.0.17\jul-to-slf4j-2.0.17.jar;C:\Users\ACER\.m2\repository\org\springframework\boot\spring-boot-autoconfigure\4.0.0-M3\spring-boot-autoconfigure-4.0.0-M3.jar;C:\Users\ACER\.m2\repository\jakarta\annotation\jakarta.annotation-api\3.0.0\jakarta.annotation-api-3.0.0.jar;C:\Users\ACER\.m2\repository\org\yaml\snakeyaml\2.5\snakeyaml-2.5.jar;C:\Users\ACER\.m2\repository\org\springframework\boot\spring-boot-starter-test\4.0.0-M3\spring-boot-starter-test-4.0.0-M3.jar;C:\Users\ACER\.m2\repository\org\springframework\boot\spring-boot-test\4.0.0-M3\spring-boot-test-4.0.0-M3.jar;C:\Users\ACER\.m2\repository\org\springframework\boot\spring-boot-restclient-test\4.0.0-M3\spring-boot-restclient-test-4.0.0-M3.jar;C:\Users\ACER\.m2\repository\org\springframework\boot\spring-boot-test-autoconfigure\4.0.0-M3\spring-boot-test-autoconfigure-4.0.0-M3.jar;C:\Users\ACER\.m2\repository\org\springframework\boot\spring-boot-web-server-test\4.0.0-M3\spring-boot-web-server-test-4.0.0-M3.jar;C:\Users\ACER\.m2\repository\com\jayway\jsonpath\json-path\2.9.0\json-path-2.9.0.jar;C:\Users\ACER\.m2\repository\org\slf4j\slf4j-api\2.0.17\slf4j-api-2.0.17.jar;C:\Users\ACER\.m2\repository\jakarta\xml\bind\jakarta.xml.bind-api\4.0.2\jakarta.xml.bind-api-4.0.2.jar;C:\Users\ACER\.m2\repository\jakarta\activation\jakarta.activation-api\2.1.4\jakarta.activation-api-2.1.4.jar;C:\Users\ACER\.m2\repository\net\minidev\json-smart\2.6.0\json-smart-2.6.0.jar;C:\Users\ACER\.m2\repository\net\minidev\accessors-smart\2.6.0\accessors-smart-2.6.0.jar;C:\Users\ACER\.m2\repository\org\ow2\asm\asm\9.7.1\asm-9.7.1.jar;C:\Users\ACER\.m2\repository\org\assertj\assertj-core\3.27.4\assertj-core-3.27.4.jar;C:\Users\ACER\.m2\repository\net\bytebuddy\byte-buddy\1.17.7\byte-buddy-1.17.7.jar;C:\Users\ACER\.m2\repository\org\awaitility\awaitility\4.3.0\awaitility-4.3.0.jar;C:\Users\ACER\.m2\repository\org\hamcrest\hamcrest\3.0\hamcrest-3.0.jar;C:\Users\ACER\.m2\repository\org\junit\jupiter\junit-jupiter\5.13.4\junit-jupiter-5.13.4.jar;C:\Users\ACER\.m2\repository\org\junit\jupiter\junit-jupiter-api\5.13.4\junit-jupiter-api-5.13.4.jar;C:\Users\ACER\.m2\repository\org\opentest4j\opentest4j\1.3.0\opentest4j-1.3.0.jar;C:\Users\ACER\.m2\repository\org\junit\platform\junit-platform-commons\1.13.4\junit-platform-commons-1.13.4.jar;C:\Users\ACER\.m2\repository\org\apiguardian\apiguardian-api\1.1.2\apiguardian-api-1.1.2.jar;C:\Users\ACER\.m2\repository\org\junit\jupiter\junit-jupiter-params\5.13.4\junit-jupiter-params-5.13.4.jar;C:\Users\ACER\.m2\repository\org\junit\jupiter\junit-jupiter-engine\5.13.4\junit-jupiter-engine-5.13.4.jar;C:\Users\ACER\.m2\repository\org\junit\platform\junit-platform-engine\1.13.4\junit-platform-engine-1.13.4.jar;C:\Users\ACER\.m2\repository\org\mockito\mockito-core\5.19.0\mockito-core-5.19.0.jar;C:\Users\ACER\.m2\repository\net\bytebuddy\byte-buddy-agent\1.17.7\byte-buddy-agent-1.17.7.jar;C:\Users\ACER\.m2\repository\org\objenesis\objenesis\3.3\objenesis-3.3.jar;C:\Users\ACER\.m2\repository\org\mockito\mockito-junit-jupiter\5.19.0\mockito-junit-jupiter-5.19.0.jar;C:\Users\ACER\.m2\repository\org\skyscreamer\jsonassert\1.5.3\jsonassert-1.5.3.jar;C:\Users\ACER\.m2\repository\com\vaadin\external\google\android-json\0.0.20131108.vaadin1\android-json-0.0.20131108.vaadin1.jar;C:\Users\ACER\.m2\repository\org\springframework\spring-core\7.0.0-M9\spring-core-7.0.0-M9.jar;C:\Users\ACER\.m2\repository\commons-logging\commons-logging\1.3.5\commons-logging-1.3.5.jar;C:\Users\ACER\.m2\repository\org\jspecify\jspecify\1.0.0\jspecify-1.0.0.jar;C:\Users\ACER\.m2\repository\org\springframework\spring-test\7.0.0-M9\spring-test-7.0.0-M9.jar;C:\Users\ACER\.m2\repository\org\xmlunit\xmlunit-core\2.10.4\xmlunit-core-2.10.4.jar;C:\Users\ACER\.m2\repository\software\amazon\awssdk\s3\2.20.150\s3-2.20.150.jar;C:\Users\ACER\.m2\repository\software\amazon\awssdk\aws-xml-protocol\2.20.150\aws-xml-protocol-2.20.150.jar;C:\Users\ACER\.m2\repository\software\amazon\awssdk\aws-query-protocol\2.20.150\aws-query-protocol-2.20.150.jar;C:\Users\ACER\.m2\repository\software\amazon\awssdk\protocol-core\2.20.150\protocol-core-2.20.150.jar;C:\Users\ACER\.m2\repository\software\amazon\awssdk\arns\2.20.150\arns-2.20.150.jar;C:\Users\ACER\.m2\repository\software\amazon\awssdk\profiles\2.20.150\profiles-2.20.150.jar;C:\Users\ACER\.m2\repository\software\amazon\awssdk\crt-core\2.20.150\crt-core-2.20.150.jar;C:\Users\ACER\.m2\repository\software\amazon\awssdk\sdk-core\2.20.150\sdk-core-2.20.150.jar;C:\Users\ACER\.m2\repository\org\reactivestreams\reactive-streams\1.0.4\reactive-streams-1.0.4.jar;C:\Users\ACER\.m2\repository\software\amazon\awssdk\auth\2.20.150\auth-2.20.150.jar;C:\Users\ACER\.m2\repository\software\amazon\eventstream\eventstream\1.0.1\eventstream-1.0.1.jar;C:\Users\ACER\.m2\repository\software\amazon\awssdk\http-client-spi\2.20.150\http-client-spi-2.20.150.jar;C:\Users\ACER\.m2\repository\software\amazon\awssdk\regions\2.20.150\regions-2.20.150.jar;C:\Users\ACER\.m2\repository\software\amazon\awssdk\annotations\2.20.150\annotations-2.20.150.jar;C:\Users\ACER\.m2\repository\software\amazon\awssdk\utils\2.20.150\utils-2.20.150.jar;C:\Users\ACER\.m2\repository\software\amazon\awssdk\aws-core\2.20.150\aws-core-2.20.150.jar;C:\Users\ACER\.m2\repository\software\amazon\awssdk\metrics-spi\2.20.150\metrics-spi-2.20.150.jar;C:\Users\ACER\.m2\repository\software\amazon\awssdk\json-utils\2.20.150\json-utils-2.20.150.jar;C:\Users\ACER\.m2\repository\software\amazon\awssdk\third-party-jackson-core\2.20.150\third-party-jackson-core-2.20.150.jar;C:\Users\ACER\.m2\repository\software\amazon\awssdk\endpoints-spi\2.20.150\endpoints-spi-2.20.150.jar;C:\Users\ACER\.m2\repository\software\amazon\awssdk\apache-client\2.20.150\apache-client-2.20.150.jar;C:\Users\ACER\.m2\repository\org\apache\httpcomponents\httpclient\4.5.13\httpclient-4.5.13.jar;C:\Users\ACER\.m2\repository\org\apache\httpcomponents\httpcore\4.4.16\httpcore-4.4.16.jar;C:\Users\ACER\.m2\repository\commons-codec\commons-codec\1.19.0\commons-codec-1.19.0.jar;C:\Users\ACER\.m2\repository\software\amazon\awssdk\netty-nio-client\2.20.150\netty-nio-client-2.20.150.jar;C:\Users\ACER\.m2\repository\io\netty\netty-codec-http\4.2.6.Final\netty-codec-http-4.2.6.Final.jar;C:\Users\ACER\.m2\repository\io\netty\netty-codec-base\4.2.6.Final\netty-codec-base-4.2.6.Final.jar;C:\Users\ACER\.m2\repository\io\netty\netty-codec-compression\4.2.6.Final\netty-codec-compression-4.2.6.Final.jar;C:\Users\ACER\.m2\repository\io\netty\netty-codec-http2\4.2.6.Final\netty-codec-http2-4.2.6.Final.jar;C:\Users\ACER\.m2\repository\io\netty\netty-codec\4.2.6.Final\netty-codec-4.2.6.Final.jar;C:\Users\ACER\.m2\repository\io\netty\netty-codec-protobuf\4.2.6.Final\netty-codec-protobuf-4.2.6.Final.jar;C:\Users\ACER\.m2\repository\io\netty\netty-codec-marshalling\4.2.6.Final\netty-codec-marshalling-4.2.6.Final.jar;C:\Users\ACER\.m2\repository\io\netty\netty-transport\4.2.6.Final\netty-transport-4.2.6.Final.jar;C:\Users\ACER\.m2\repository\io\netty\netty-common\4.2.6.Final\netty-common-4.2.6.Final.jar;C:\Users\ACER\.m2\repository\io\netty\netty-buffer\4.2.6.Final\netty-buffer-4.2.6.Final.jar;C:\Users\ACER\.m2\repository\io\netty\netty-handler\4.2.6.Final\netty-handler-4.2.6.Final.jar;C:\Users\ACER\.m2\repository\io\netty\netty-transport-native-unix-common\4.2.6.Final\netty-transport-native-unix-common-4.2.6.Final.jar;C:\Users\ACER\.m2\repository\io\netty\netty-transport-classes-epoll\4.2.6.Final\netty-transport-classes-epoll-4.2.6.Final.jar;C:\Users\ACER\.m2\repository\io\netty\netty-resolver\4.2.6.Final\netty-resolver-4.2.6.Final.jar;C:\Users\ACER\.m2\repository\org\springframework\security\spring-security-test\7.0.0-M3\spring-security-test-7.0.0-M3.jar;C:\Users\ACER\.m2\repository\org\springframework\security\spring-security-core\7.0.0-M3\spring-security-core-7.0.0-M3.jar;C:\Users\ACER\.m2\repository\org\springframework\security\spring-security-crypto\7.0.0-M3\spring-security-crypto-7.0.0-M3.jar;C:\Users\ACER\.m2\repository\org\springframework\spring-context\7.0.0-M9\spring-context-7.0.0-M9.jar;C:\Users\ACER\.m2\repository\org\springframework\spring-expression\7.0.0-M9\spring-expression-7.0.0-M9.jar;C:\Users\ACER\.m2\repository\io\micrometer\micrometer-observation\1.16.0-M3\micrometer-observation-1.16.0-M3.jar;C:\Users\ACER\.m2\repository\io\micrometer\micrometer-commons\1.16.0-M3\micrometer-commons-1.16.0-M3.jar;C:\Users\ACER\.m2\repository\org\springframework\security\spring-security-web\7.0.0-M3\spring-security-web-7.0.0-M3.jar;"/>
    <property name="java.vm.vendor" value="Oracle Corporation"/>
    <property name="sun.arch.data.model" value="64"/>
    <property name="user.variant" value=""/>
    <property name="java.vendor.url" value="https://java.oracle.com/"/>
    <property name="user.timezone" value="Asia/Calcutta"/>
    <property name="os.name" value="Windows 11"/>
    <property name="java.vm.specification.version" value="21"/>
    <property name="APPLICATION_NAME" value="compiler_service"/>
    <property name="sun.java.launcher" value="SUN_STANDARD"/>
    <property name="user.country" value="US"/>
    <property name="sun.boot.library.path" value="C:\Program Files\Java\jdk-21\bin"/>
    <property name="sun.java.command" value="C:\Users\ACER\AppData\Local\Temp\surefire12841495532267580287\surefirebooter-20250928202056310_3.jar C:\Users\ACER\AppData\Local\Temp\surefire12841495532267580287 2025-09-28T20-20-56_036-jvmRun1 surefire-20250928202056310_1tmp surefire_0-20250928202056310_2tmp"/>
    <property name="jdk.debug" value="release"/>
    <property name="surefire.test.class.path" value="E:\Spring Boot\project\compiler_service\compiler_service\target\test-classes;E:\Spring Boot\project\compiler_service\compiler_service\target\classes;C:\Users\ACER\.m2\repository\org\springframework\boot\spring-boot-starter-security\4.0.0-M3\spring-boot-starter-security-4.0.0-M3.jar;C:\Users\ACER\.m2\repository\org\springframework\boot\spring-boot-security\4.0.0-M3\spring-boot-security-4.0.0-M3.jar;C:\Users\ACER\.m2\repository\org\springframework\boot\spring-boot\4.0.0-M3\spring-boot-4.0.0-M3.jar;C:\Users\ACER\.m2\repository\org\springframework\security\spring-security-config\7.0.0-M3\spring-security-config-7.0.0-M3.jar;C:\Users\ACER\.m2\repository\org\springframework\spring-aop\7.0.0-M9\spring-aop-7.0.0-M9.jar;C:\Users\ACER\.m2\repository\org\springframework\spring-beans\7.0.0-M9\spring-beans-7.0.0-M9.jar;C:\Users\ACER\.m2\repository\org\springframework\boot\spring-boot-starter-web\4.0.0-M3\spring-boot-starter-web-4.0.0-M3.jar;C:\Users\ACER\.m2\repository\org\springframework\boot\spring-boot-starter-jackson\4.0.0-M3\spring-boot-starter-jackson-4.0.0-M3.jar;C:\Users\ACER\.m2\repository\org\springframework\boot\spring-boot-jackson\4.0.0-M3\spring-boot-jackson-4.0.0-M3.jar;C:\Users\ACER\.m2\repository\tools\jackson\core\jackson-databind\3.0.0-rc9\jackson-databind-3.0.0-rc9.jar;C:\Users\ACER\.m2\repository\com\fasterxml\jackson\core\jackson-annotations\2.20\jackson-annotations-2.20.jar;C:\Users\ACER\.m2\repository\tools\jackson\core\jackson-core\3.0.0-rc9\jackson-core-3.0.0-rc9.jar;C:\Users\ACER\.m2\repository\org\springframework\boot\spring-boot-starter-tomcat\4.0.0-M3\spring-boot-starter-tomcat-4.0.0-M3.jar;C:\Users\ACER\.m2\repository\org\springframework\boot\spring-boot-tomcat\4.0.0-M3\spring-boot-tomcat-4.0.0-M3.jar;C:\Users\ACER\.m2\repository\org\springframework\boot\spring-boot-web-server\4.0.0-M3\spring-boot-web-server-4.0.0-M3.jar;C:\Users\ACER\.m2\repository\org\apache\tomcat\embed\tomcat-embed-core\11.0.11\tomcat-embed-core-11.0.11.jar;C:\Users\ACER\.m2\repository\org\apache\tomcat\embed\tomcat-embed-el\11.0.11\tomcat-embed-el-11.0.11.jar;C:\Users\ACER\.m2\repository\org\apache\tomcat\embed\tomcat-embed-websocket\11.0.11\tomcat-embed-websocket-11.0.11.jar;C:\Users\ACER\.m2\repository\org\springframework\boot\spring-boot-http-converter\4.0.0-M3\spring-boot-http-converter-4.0.0-M3.jar;C:\Users\ACER\.m2\repository\org\springframework\spring-web\7.0.0-M9\spring-web-7.0.0-M9.jar;C:\Users\ACER\.m2\repository\org\springframework\boot\spring-boot-webmvc\4.0.0-M3\spring-boot-webmvc-4.0.0-M3.jar;C:\Users\ACER\.m2\repository\org\springframework\boot\spring-boot-servlet\4.0.0-M3\spring-boot-servlet-4.0.0-M3.jar;C:\Users\ACER\.m2\repository\org\springframework\spring-webmvc\7.0.0-M9\spring-webmvc-7.0.0-M9.jar;C:\Users\ACER\.m2\repository\org\springframework\boot\spring-boot-starter\4.0.0-M3\spring-boot-starter-4.0.0-M3.jar;C:\Users\ACER\.m2\repository\org\springframework\boot\spring-boot-starter-logging\4.0.0-M3\spring-boot-starter-logging-4.0.0-M3.jar;C:\Users\ACER\.m2\repository\ch\qos\logback\logback-classic\1.5.18\logback-classic-1.5.18.jar;C:\Users\ACER\.m2\repository\ch\qos\logback\logback-core\1.5.18\logback-core-1.5.18.jar;C:\Users\ACER\.m2\repository\org\apache\logging\log4j\log4j-to-slf4j\2.24.3\log4j-to-slf4j-2.24.3.jar;C:\Users\ACER\.m2\repository\org\apache\logging\log4j\log4j-api\2.24.3\log4j-api-2.24.3.jar;C:\Users\ACER\.m2\repository\org\slf4j\jul-to-slf4j\2.0.17\jul-to-slf4j-2.0.17.jar;C:\Users\ACER\.m2\repository\org\springframework\boot\spring-boot-autoconfigure\4.0.0-M3\spring-boot-autoconfigure-4.0.0-M3.jar;C:\Users\ACER\.m2\repository\jakarta\annotation\jakarta.annotation-api\3.0.0\jakarta.annotation-api-3.0.0.jar;C:\Users\ACER\.m2\repository\org\yaml\snakeyaml\2.5\snakeyaml-2.5.jar;C:\Users\ACER\.m2\repository\org\springframework\boot\spring-boot-starter-test\4.0.0-M3\spring-boot-starter-test-4.0.0-M3.jar;C:\Users\ACER\.m2\repository\org\springframework\boot\spring-boot-test\4.0.0-M3\spring-boot-test-4.0.0-M3.jar;C:\Users\ACER\.m2\repository\org\springframework\boot\spring-boot-restclient-test\4.0.0-M3\spring-boot-restclient-test-4.0.0-M3.jar;C:\Users\ACER\.m2\repository\org\springframework\boot\spring-boot-test-autoconfigure\4.0.0-M3\spring-boot-test-autoconfigure-4.0.0-M3.jar;C:\Users\ACER\.m2\repository\org\springframework\boot\spring-boot-web-server-test\4.0.0-M3\spring-boot-web-server-test-4.0.0-M3.jar;C:\Users\ACER\.m2\repository\com\jayway\jsonpath\json-path\2.9.0\json-path-2.9.0.jar;C:\Users\ACER\.m2\repository\org\slf4j\slf4j-api\2.0.17\slf4j-api-2.0.17.jar;C:\Users\ACER\.m2\repository\jakarta\xml\bind\jakarta.xml.bind-api\4.0.2\jakarta.xml.bind-api-4.0.2.jar;C:\Users\ACER\.m2\repository\jakarta\activation\jakarta.activation-api\2.1.4\jakarta.activation-api-2.1.4.jar;C:\Users\ACER\.m2\repository\net\minidev\json-smart\2.6.0\json-smart-2.6.0.jar;C:\Users\ACER\.m2\repository\net\minidev\accessors-smart\2.6.0\accessors-smart-2.6.0.jar;C:\Users\ACER\.m2\repository\org\ow2\asm\asm\9.7.1\asm-9.7.1.jar;C:\Users\ACER\.m2\repository\org\assertj\assertj-core\3.27.4\assertj-core-3.27.4.jar;C:\Users\ACER\.m2\repository\net\bytebuddy\byte-buddy\1.17.7\byte-buddy-1.17.7.jar;C:\Users\ACER\.m2\repository\org\awaitility\awaitility\4.3.0\awaitility-4.3.0.jar;C:\Users\ACER\.m2\repository\org\hamcrest\hamcrest\3.0\hamcrest-3.0.jar;C:\Users\ACER\.m2\repository\org\junit\jupiter\junit-jupiter\5.13.4\junit-jupiter-5.13.4.jar;C:\Users\ACER\.m2\repository\org\junit\jupiter\junit-jupiter-api\5.13.4\junit-jupiter-api-5.13.4.jar;C:\Users\ACER\.m2\repository\org\opentest4j\opentest4j\1.3.0\opentest4j-1.3.0.jar;C:\Users\ACER\.m2\repository\org\junit\platform\junit-platform-commons\1.13.4\junit-platform-commons-1.13.4.jar;C:\Users\ACER\.m2\repository\org\apiguardian\apiguardian-api\1.1.2\apiguardian-api-1.1.2.jar;C:\Users\ACER\.m2\repository\org\junit\jupiter\junit-jupiter-params\5.13.4\junit-jupiter-params-5.13.4.jar;C:\Users\ACER\.m2\repository\org\junit\jupiter\junit-jupiter-engine\5.13.4\junit-jupiter-engine-5.13.4.jar;C:\Users\ACER\.m2\repository\org\junit\platform\junit-platform-engine\1.13.4\junit-platform-engine-1.13.4.jar;C:\Users\ACER\.m2\repository\org\mockito\mockito-core\5.19.0\mockito-core-5.19.0.jar;C:\Users\ACER\.m2\repository\net\bytebuddy\byte-buddy-agent\1.17.7\byte-buddy-agent-1.17.7.jar;C:\Users\ACER\.m2\repository\org\objenesis\objenesis\3.3\objenesis-3.3.jar;C:\Users\ACER\.m2\repository\org\mockito\mockito-junit-jupiter\5.19.0\mockito-junit-jupiter-5.19.0.jar;C:\Users\ACER\.m2\repository\org\skyscreamer\jsonassert\1.5.3\jsonassert-1.5.3.jar;C:\Users\ACER\.m2\repository\com\vaadin\external\google\android-json\0.0.20131108.vaadin1\android-json-0.0.20131108.vaadin1.jar;C:\Users\ACER\.m2\repository\org\springframework\spring-core\7.0.0-M9\spring-core-7.0.0-M9.jar;C:\Users\ACER\.m2\repository\commons-logging\commons-logging\1.3.5\commons-logging-1.3.5.jar;C:\Users\ACER\.m2\repository\org\jspecify\jspecify\1.0.0\jspecify-1.0.0.jar;C:\Users\ACER\.m2\repository\org\springframework\spring-test\7.0.0-M9\spring-test-7.0.0-M9.jar;C:\Users\ACER\.m2\repository\org\xmlunit\xmlunit-core\2.10.4\xmlunit-core-2.10.4.jar;C:\Users\ACER\.m2\repository\software\amazon\awssdk\s3\2.20.150\s3-2.20.150.jar;C:\Users\ACER\.m2\repository\software\amazon\awssdk\aws-xml-protocol\2.20.150\aws-xml-protocol-2.20.150.jar;C:\Users\ACER\.m2\repository\software\amazon\awssdk\aws-query-protocol\2.20.150\aws-query-protocol-2.20.150.jar;C:\Users\ACER\.m2\repository\software\amazon\awssdk\protocol-core\2.20.150\protocol-core-2.20.150.jar;C:\Users\ACER\.m2\repository\software\amazon\awssdk\arns\2.20.150\arns-2.20.150.jar;C:\Users\ACER\.m2\repository\software\amazon\awssdk\profiles\2.20.150\profiles-2.20.150.jar;C:\Users\ACER\.m2\repository\software\amazon\awssdk\crt-core\2.20.150\crt-core-2.20.150.jar;C:\Users\ACER\.m2\repository\software\amazon\awssdk\sdk-core\2.20.150\sdk-core-2.20.150.jar;C:\Users\ACER\.m2\repository\org\reactivestreams\reactive-streams\1.0.4\reactive-streams-1.0.4.jar;C:\Users\ACER\.m2\repository\software\amazon\awssdk\auth\2.20.150\auth-2.20.150.jar;C:\Users\ACER\.m2\repository\software\amazon\eventstream\eventstream\1.0.1\eventstream-1.0.1.jar;C:\Users\ACER\.m2\repository\software\amazon\awssdk\http-client-spi\2.20.150\http-client-spi-2.20.150.jar;C:\Users\ACER\.m2\repository\software\amazon\awssdk\regions\2.20.150\regions-2.20.150.jar;C:\Users\ACER\.m2\repository\software\amazon\awssdk\annotations\2.20.150\annotations-2.20.150.jar;C:\Users\ACER\.m2\repository\software\amazon\awssdk\utils\2.20.150\utils-2.20.150.jar;C:\Users\ACER\.m2\repository\software\amazon\awssdk\aws-core\2.20.150\aws-core-2.20.150.jar;C:\Users\ACER\.m2\repository\software\amazon\awssdk\metrics-spi\2.20.150\metrics-spi-2.20.150.jar;C:\Users\ACER\.m2\repository\software\amazon\awssdk\json-utils\2.20.150\json-utils-2.20.150.jar;C:\Users\ACER\.m2\repository\software\amazon\awssdk\third-party-jackson-core\2.20.150\third-party-jackson-core-2.20.150.jar;C:\Users\ACER\.m2\repository\software\amazon\awssdk\endpoints-spi\2.20.150\endpoints-spi-2.20.150.jar;C:\Users\ACER\.m2\repository\software\amazon\awssdk\apache-client\2.20.150\apache-client-2.20.150.jar;C:\Users\ACER\.m2\repository\org\apache\httpcomponents\httpclient\4.5.13\httpclient-4.5.13.jar;C:\Users\ACER\.m2\repository\org\apache\httpcomponents\httpcore\4.4.16\httpcore-4.4.16.jar;C:\Users\ACER\.m2\repository\commons-codec\commons-codec\1.19.0\commons-codec-1.19.0.jar;C:\Users\ACER\.m2\repository\software\amazon\awssdk\netty-nio-client\2.20.150\netty-nio-client-2.20.150.jar;C:\Users\ACER\.m2\repository\io\netty\netty-codec-http\4.2.6.Final\netty-codec-http-4.2.6.Final.jar;C:\Users\ACER\.m2\repository\io\netty\netty-codec-base\4.2.6.Final\netty-codec-base-4.2.6.Final.jar;C:\Users\ACER\.m2\repository\io\netty\netty-codec-compression\4.2.6.Final\netty-codec-compression-4.2.6.Final.jar;C:\Users\ACER\.m2\repository\io\netty\netty-codec-http2\4.2.6.Final\netty-codec-http2-4.2.6.Final.jar;C:\Users\ACER\.m2\repository\io\netty\netty-codec\4.2.6.Final\netty-codec-4.2.6.Final.jar;C:\Users\ACER\.m2\repository\io\netty\netty-codec-protobuf\4.2.6.Final\netty-codec-protobuf-4.2.6.Final.jar;C:\Users\ACER\.m2\repository\io\netty\netty-codec-marshalling\4.2.6.Final\netty-codec-marshalling-4.2.6.Final.jar;C:\Users\ACER\.m2\repository\io\netty\netty-transport\4.2.6.Final\netty-transport-4.2.6.Final.jar;C:\Users\ACER\.m2\repository\io\netty\netty-common\4.2.6.Final\netty-common-4.2.6.Final.jar;C:\Users\ACER\.m2\repository\io\netty\netty-buffer\4.2.6.Final\netty-buffer-4.2.6.Final.jar;C:\Users\ACER\.m2\repository\io\netty\netty-handler\4.2.6.Final\netty-handler-4.2.6.Final.jar;C:\Users\ACER\.m2\repository\io\netty\netty-transport-native-unix-common\4.2.6.Final\netty-transport-native-unix-common-4.2.6.Final.jar;C:\Users\ACER\.m2\repository\io\netty\netty-transport-classes-epoll\4.2.6.Final\netty-transport-classes-epoll-4.2.6.Final.jar;C:\Users\ACER\.m2\repository\io\netty\netty-resolver\4.2.6.Final\netty-resolver-4.2.6.Final.jar;C:\Users\ACER\.m2\repository\org\springframework\security\spring-security-test\7.0.0-M3\spring-security-test-7.0.0-M3.jar;C:\Users\ACER\.m2\repository\org\springframework\security\spring-security-core\7.0.0-M3\spring-security-core-7.0.0-M3.jar;C:\Users\ACER\.m2\repository\org\springframework\security\spring-security-crypto\7.0.0-M3\spring-security-crypto-7.0.0-M3.jar;C:\Users\ACER\.m2\repository\org\springframework\spring-context\7.0.0-M9\spring-context-7.0.0-M9.jar;C:\Users\ACER\.m2\repository\org\springframework\spring-expression\7.0.0-M9\spring-expression-7.0.0-M9.jar;C:\Users\ACER\.m2\repository\io\micrometer\micrometer-observation\1.16.0-M3\micrometer-observation-1.16.0-M3.jar;C:\Users\ACER\.m2\repository\io\micrometer\micrometer-commons\1.16.0-M3\micrometer-commons-1.16.0-M3.jar;C:\Users\ACER\.m2\repository\org\springframework\security\spring-security-web\7.0.0-M3\spring-security-web-7.0.0-M3.jar;"/>
    <property name="sun.cpu.endian" value="little"/>
    <property name="user.home" value="C:\Users\ACER"/>
    <property name="user.language" value="en"/>
    <property name="java.specification.vendor" value="Oracle Corporation"/>
    <property name="java.version.date" value="2025-01-21"/>
    <property name="java.home" value="C:\Program Files\Java\jdk-21"/>
    <property name="file.separator" value="\"/>
    <property name="basedir" value="E:\Spring Boot\project\compiler_service\compiler_service"/>
    <property name="java.vm.compressedOopsMode" value="Zero based"/>
    <property name="line.separator" value="&#10;"/>
    <property name="java.vm.specification.vendor" value="Oracle Corporation"/>
    <property name="java.specification.name" value="Java Platform API Specification"/>
    <property name="FILE_LOG_CHARSET" value="UTF-8"/>
    <property name="java.awt.headless" value="true"/>
    <property name="surefire.real.class.path" value="C:\Users\ACER\AppData\Local\Temp\surefire12841495532267580287\surefirebooter-20250928202056310_3.jar"/>
    <property name="user.script" value=""/>
    <property name="sun.management.compiler" value="HotSpot 64-Bit Tiered Compilers"/>
    <property name="java.runtime.version" value="21.0.6+8-LTS-188"/>
    <property name="user.name" value="ACER"/>
    <property name="stdout.encoding" value="Cp1252"/>
    <property name="path.separator" value=";"/>
    <property name="os.version" value="10.0"/>
    <property name="java.runtime.name" value="Java(TM) SE Runtime Environment"/>
    <property name="file.encoding" value="UTF-8"/>
    <property name="java.vm.name" value="Java HotSpot(TM) 64-Bit Server VM"/>
    <property name="localRepository" value="C:\Users\ACER\.m2\repository"/>
    <property name="java.vendor.url.bug" value="https://bugreport.java.com/bugreport/"/>
    <property name="java.io.tmpdir" value="C:\Users\ACER\AppData\Local\Temp\"/>
    <property name="java.version" value="21.0.6"/>
    <property name="user.dir" value="E:\Spring Boot\project\compiler_service\compiler_service"/>
    <property name="os.arch" value="amd64"/>
    <property name="java.vm.specification.name" value="Java Virtual Machine Specification"/>
    <property name="PID" value="19512"/>
    <property name="sun.os.patch.level" value=""/>
    <property name="CONSOLE_LOG_CHARSET" value="UTF-8"/>
    <property name="native.encoding" value="Cp1252"/>
    <property name="java.library.path" value="C:\Program Files\Java\jdk-21\bin;C:\WINDOWS\Sun\Java\bin;C:\WINDOWS\system32;C:\WINDOWS;C:\Program Files\Common Files\Oracle\Java\javapath;C:\Program Files (x86)\Common Files\Oracle\Java\java8path;C:\Program Files (x86)\Common Files\Oracle\Java\javapath;C:\WINDOWS\system32;C:\WINDOWS;C:\WINDOWS\System32\Wbem;C:\WINDOWS\System32\WindowsPowerShell\v1.0\;C:\WINDOWS\System32\OpenSSH\;C:\Program Files\Cloudflare\Cloudflare WARP\;C:\Program Files (x86)\NVIDIA Corporation\PhysX\Common;C:\Program Files\nodejs\;C:\Program Files\OpenSSL-Win64\bin;C:\Program Files\Docker\Docker\resources\bin;C:\Program Files\Common Files\Autodesk Shared\;C:\Program Files\Microsoft SQL Server\150\Tools\Binn\;C:\Program Files\Amazon\AWSCLIV2\;C:\Program Files\GitHub CLI\;E:\Git\cmd;C:\Program Files\NVIDIA Corporation\NVIDIA App\NvDLISR;C:\Program Files\PuTTY\;C:\Users\ACER\AppData\Local\Programs\Python\Python312\Scripts\;C:\Users\ACER\AppData\Local\Programs\Python\Python312\;C:\Users\ACER\AppData\Local\Programs\Python\Launcher\;C:\Users\ACER\AppData\Local\Microsoft\WindowsApps;C:\Users\ACER\AppData\Local\Programs\Microsoft VS Code\bin;E:\Dart\dart-sdk\bin;C:\MinGW\bin;C:\Program Files\JetBrains\IntelliJ IDEA 2024.1.2\bin;C:\Users\ACER\AppData\Roaming\npm;C:\Users\ACER\AppData\Local\spicetify;E:\IntelliJ IDEA 2025.1.3\bin;;E:\Ollama;E:\maven\apache-maven-3.9.10\bin;E:\PostgreSQL\bin;;c:\Users\ACER\AppData\Roaming\Code\User\globalStorage\github.copilot-chat\debugCommand;."/>
    <property name="java.vm.info" value="mixed mode, sharing"/>
    <property name="stderr.encoding" value="Cp1252"/>
    <property name="java.vendor" value="Oracle Corporation"/>
    <property name="java.vm.version" value="21.0.6+8-LTS-188"/>
    <property name="sun.io.unicode.encoding" value="UnicodeLittle"/>
    <property name="java.class.version" value="65.0"/>
    <property name="LOGGED_APPLICATION_NAME" value="[compiler_service] "/>
  </properties>
  <testcase name="contextLoads" classname="com.khattitoffe.compiler_service.CompilerServiceApplicationTests" time="1.349">
    <system-out><![CDATA[20:20:57.893 [main] INFO org.springframework.test.context.support.AnnotationConfigContextLoaderUtils -- Could not detect default configuration classes for test class [com.khattitoffe.compiler_service.CompilerServiceApplicationTests]: CompilerServiceApplicationTests does not declare any static, non-private, non-final, nested classes annotated with @Configuration.
20:20:58.192 [main] INFO org.springframework.boot.test.context.SpringBootTestContextBootstrapper -- Found @SpringBootConfiguration com.khattitoffe.compiler_service.CompilerServiceApplication for test class com.khattitoffe.compiler_service.CompilerServiceApplicationTests

  .   ____          _            __ _ _
 /\\ / ___'_ __ _ _(_)_ __  __ _ \ \ \ \
( ( )\___ | '_ | '_| | '_ \/ _` | \ \ \ \
 \\/  ___)| |_)| | | | | || (_| |  ) ) ) )
  '  |____| .__|_| |_|_| |_\__, | / / / /
 =========|_|==============|___/=/_/_/_/

 :: Spring Boot ::             (v4.0.0-M3)

2025-09-28T20:20:59.101+05:30  INFO 19512 --- [compiler_service] [           main] c.k.c.CompilerServiceApplicationTests    : Starting CompilerServiceApplicationTests using Java 21.0.6 with PID 19512 (started by ACER in E:\Spring Boot\project\compiler_service\compiler_service)
2025-09-28T20:20:59.105+05:30  INFO 19512 --- [compiler_service] [           main] c.k.c.CompilerServiceApplicationTests    : No active profile set, falling back to 1 default profile: "default"
2025-09-28T20:21:02.360+05:30  WARN 19512 --- [compiler_service] [           main] .a.s.UserDetailsServiceAutoConfiguration : 

Using generated security password: 7ea22321-4c85-4d36-9f2f-163044ec565a

This generated password is for development use only. Your security configuration must be updated before running your application in production.

2025-09-28T20:21:02.375+05:30  INFO 19512 --- [compiler_service] [           main] r$InitializeUserDetailsManagerConfigurer : Global AuthenticationManager configured with UserDetailsService bean with name inMemoryUserDetailsManager
2025-09-28T20:21:03.454+05:30  INFO 19512 --- [compiler_service] [           main] c.k.c.CompilerServiceApplicationTests    : Started CompilerServiceApplicationTests in 4.995 seconds (process running for 6.918)
]]></system-out>
    <system-err><![CDATA[Mockito is currently self-attaching to enable the inline-mock-maker. This will no longer work in future releases of the JDK. Please add Mockito as an agent to your build as described in Mockito's documentation: https://javadoc.io/doc/org.mockito/mockito-core/latest/org.mockito/org/mockito/Mockito.html#0.3
WARNING: A Java agent has been loaded dynamically (C:\Users\ACER\.m2\repository\net\bytebuddy\byte-buddy-agent\1.17.7\byte-buddy-agent-1.17.7.jar)
WARNING: If a serviceability tool is in use, please run with -XX:+EnableDynamicAgentLoading to hide this warning
WARNING: If a serviceability tool is not in use, please run with -Djdk.instrument.traceUsage for more information
WARNING: Dynamic loading of agents will be disallowed by default in a future release
]]></system-err>
  </testcase>
</testsuite>